[2026-03-04 05:53:09] [True/False] [Q1] The sky is blue. (2 marks)
  Body    : The sky is blue.
  Marks   : 2
  Correct : [1] True
------------------------------------------------------------
[2026-03-04 05:53:09] [Choose One] [Q2] What is the capital of France? (3 marks)
  Body    : What is the capital of France?
  Marks   : 3
  Correct : [1] Paris
------------------------------------------------------------
[2026-03-04 05:53:09] [Choose All] [Q3] Which of the following are programming languages? (4 marks)
  Body    : Which of the following are programming languages?
  Marks   : 4
  Correct : [1] C#
------------------------------------------------------------
[2026-03-06 17:31:22] [True/False] [Q1] The sky is blue. (2 marks)
  Body    : The sky is blue.
  Marks   : 2
  Correct : [1] True
------------------------------------------------------------
[2026-03-06 17:31:22] [Choose One] [Q2] What is the capital of France? (3 marks)
  Body    : What is the capital of France?
  Marks   : 3
  Correct : [1] Paris
------------------------------------------------------------
[2026-03-06 17:31:22] [Choose All] [Q3] Which of the following are programming languages? (4 marks)
  Body    : Which of the following are programming languages?
  Marks   : 4
  Correct : [1] C#
------------------------------------------------------------
[2026-03-06 17:34:47] [True/False] [Q1] The sky is blue. (2 marks)
  Body    : The sky is blue.
  Marks   : 2
  Correct : [1] True
------------------------------------------------------------
[2026-03-06 17:34:47] [Choose One] [Q2] What is the capital of France? (3 marks)
  Body    : What is the capital of France?
  Marks   : 3
  Correct : [1] Paris
------------------------------------------------------------
[2026-03-06 17:34:47] [Choose All] [Q3] Which of the following are programming languages? (4 marks)
  Body    : Which of the following are programming languages?
  Marks   : 4
  Correct : [1] C#
------------------------------------------------------------
[2026-03-06 17:43:14] [True/False] [Q1] The sky is blue. (2 marks)
  Body    : The sky is blue.
  Marks   : 2
  Correct : [1] True
------------------------------------------------------------
[2026-03-06 17:43:14] [Choose One] [Q2] What is the capital of France? (3 marks)
  Body    : What is the capital of France?
  Marks   : 3
  Correct : [1] Paris
------------------------------------------------------------
[2026-03-06 17:43:14] [Choose All] [Q3] Which of the following are programming languages? (4 marks)
  Body    : Which of the following are programming languages?
  Marks   : 4
  Correct : [1] C#
------------------------------------------------------------
[2026-03-06 17:57:04] [True/False] [Q1] The sky is blue. (2 marks)
  Body    : The sky is blue.
  Marks   : 2
  Correct : [1] True
------------------------------------------------------------
[2026-03-06 17:57:04] [Choose One] [Q2] What is the capital of France? (3 marks)
  Body    : What is the capital of France?
  Marks   : 3
  Correct : [1] Paris
------------------------------------------------------------
[2026-03-06 17:57:04] [Choose All] [Q3] Which of the following are programming languages? (4 marks)
  Body    : Which of the following are programming languages?
  Marks   : 4
  Correct : [1] C#
------------------------------------------------------------
[2026-03-06 17:57:14] [True/False] [Q1] The sky is blue. (2 marks)
  Body    : The sky is blue.
  Marks   : 2
  Correct : [1] True
------------------------------------------------------------
[2026-03-06 17:57:14] [Choose One] [Q2] What is the capital of France? (3 marks)
  Body    : What is the capital of France?
  Marks   : 3
  Correct : [1] Paris
------------------------------------------------------------
[2026-03-06 17:57:14] [Choose All] [Q3] Which of the following are programming languages? (4 marks)
  Body    : Which of the following are programming languages?
  Marks   : 4
  Correct : [1] C#
------------------------------------------------------------
[2026-03-06 19:55:58] [True/False] [Q1] The sky is blue. (2 marks)
  Body    : The sky is blue.
  Marks   : 2
  Correct : [1] True
------------------------------------------------------------
[2026-03-06 19:55:58] [Choose One] [Q2] What is the capital of France? (3 marks)
  Body    : What is the capital of France?
  Marks   : 3
  Correct : [1] Paris
------------------------------------------------------------
[2026-03-06 19:55:58] [Choose All] [Q3] Which of the following are programming languages? (4 marks)
  Body    : Which of the following are programming languages?
  Marks   : 4
  Correct : [1] C#
------------------------------------------------------------
[2026-03-06 20:02:41] [True/False] [Q1] The sky is blue. (2 marks)
  Body    : The sky is blue.
  Marks   : 2
  Correct : [1] True
------------------------------------------------------------
[2026-03-06 20:02:41] [Choose One] [Q2] What is the capital of France? (3 marks)
  Body    : What is the capital of France?
  Marks   : 3
  Correct : [1] Paris
------------------------------------------------------------
[2026-03-06 20:02:41] [Choose All] [Q3] Which of the following are programming languages? (4 marks)
  Body    : Which of the following are programming languages?
  Marks   : 4
  Correct : [1] C#
------------------------------------------------------------
[2026-03-06 20:04:06] [True/False] [Q1] The sky is blue. (2 marks)
  Body    : The sky is blue.
  Marks   : 2
  Correct : [1] True
------------------------------------------------------------
[2026-03-06 20:04:06] [Choose One] [Q2] What is the capital of France? (3 marks)
  Body    : What is the capital of France?
  Marks   : 3
  Correct : [1] Paris
------------------------------------------------------------
[2026-03-06 20:04:06] [Choose All] [Q3] Which of the following are programming languages? (4 marks)
  Body    : Which of the following are programming languages?
  Marks   : 4
  Correct : [1] C#
------------------------------------------------------------
[2026-03-06 20:07:14] [True/False] [Q1] The sky is blue. (2 marks)
  Body    : The sky is blue.
  Marks   : 2
  Correct : [1] True
------------------------------------------------------------
[2026-03-06 20:07:14] [Choose One] [Q2] What is the capital of France? (3 marks)
  Body    : What is the capital of France?
  Marks   : 3
  Correct : [1] Paris
------------------------------------------------------------
[2026-03-06 20:07:14] [Choose All] [Q3] Which of the following are programming languages? (4 marks)
  Body    : Which of the following are programming languages?
  Marks   : 4
  Correct : [1] C#
------------------------------------------------------------
[2026-03-06 20:07:40] [True/False] [Q1] The sky is blue. (2 marks)
  Body    : The sky is blue.
  Marks   : 2
  Correct : [1] True
------------------------------------------------------------
[2026-03-06 20:07:40] [Choose One] [Q2] What is the capital of France? (3 marks)
  Body    : What is the capital of France?
  Marks   : 3
  Correct : [1] Paris
------------------------------------------------------------
[2026-03-06 20:07:40] [Choose All] [Q3] Which of the following are programming languages? (4 marks)
  Body    : Which of the following are programming languages?
  Marks   : 4
  Correct : [1] C#
------------------------------------------------------------
[2026-03-06 20:08:12] [True/False] [Q1] The sky is blue. (2 marks)
  Body    : The sky is blue.
  Marks   : 2
  Correct : [1] True
------------------------------------------------------------
[2026-03-06 20:08:12] [Choose One] [Q2] What is the capital of France? (3 marks)
  Body    : What is the capital of France?
  Marks   : 3
  Correct : [1] Paris
------------------------------------------------------------
[2026-03-06 20:08:12] [Choose All] [Q3] Which of the following are programming languages? (4 marks)
  Body    : Which of the following are programming languages?
  Marks   : 4
  Correct : [1] C#
------------------------------------------------------------
[2026-03-06 20:10:03] [True/False] [Q1] The sky is blue. (2 marks)
  Body    : The sky is blue.
  Marks   : 2
  Correct : [1] True
------------------------------------------------------------
[2026-03-06 20:10:03] [Choose One] [Q2] What is the capital of France? (3 marks)
  Body    : What is the capital of France?
  Marks   : 3
  Correct : [1] Paris
------------------------------------------------------------
[2026-03-06 20:10:03] [Choose All] [Q3] Which of the following are programming languages? (4 marks)
  Body    : Which of the following are programming languages?
  Marks   : 4
  Correct : [1] C#
------------------------------------------------------------
[2026-03-06 20:10:29] [True/False] [Q1] The sky is blue. (2 marks)
  Body    : The sky is blue.
  Marks   : 2
  Correct : [1] True
------------------------------------------------------------
[2026-03-06 20:10:29] [Choose One] [Q2] What is the capital of France? (3 marks)
  Body    : What is the capital of France?
  Marks   : 3
  Correct : [1] Paris
------------------------------------------------------------
[2026-03-06 20:10:29] [Choose All] [Q3] Which of the following are programming languages? (4 marks)
  Body    : Which of the following are programming languages?
  Marks   : 4
  Correct : [1] C#
------------------------------------------------------------
[2026-03-06 20:22:27] [True/False] [Q1] The sky is blue. (2 marks)
  Body    : The sky is blue.
  Marks   : 2
  Correct : [1] True
------------------------------------------------------------
[2026-03-06 20:22:27] [Choose One] [Q2] What is the capital of France? (3 marks)
  Body    : What is the capital of France?
  Marks   : 3
  Correct : [1] Paris
------------------------------------------------------------
[2026-03-06 20:22:27] [Choose All] [Q3] Which of the following are programming languages? (4 marks)
  Body    : Which of the following are programming languages?
  Marks   : 4
  Correct : [1] C#
------------------------------------------------------------
